<?xml version="1.0" encoding="UTF-8"?>
<!-- Generated by org.testng.reporters.JUnitXMLReporter -->
<testsuite ignored="0" hostname="T-01014738ML" failures="0" tests="13" name="Mortgage Calculator Tests" time="219.361" errors="0" timestamp="2025-04-06T21:56:03 CST">
  <testcase classname="com.cathay.test.tests.MortgageCalculatorTest" name="testErrorHandlingInterestRate" time="2.967"/>
  <testcase classname="com.cathay.test.tests.MortgageCalculatorTest" name="testErrorHandlingInterestRateNonNumber" time="3.154"/>
  <testcase classname="com.cathay.test.tests.MortgageCalculatorTest" name="testErrorHandlingLoadAmount" time="2.688"/>
  <testcase classname="com.cathay.test.tests.MortgageCalculatorTest" name="testErrorHandlingLoadAmountNonInt" time="3.118"/>
  <testcase classname="com.cathay.test.tests.MortgageCalculatorTest" name="testErrorHandlingLoadTerm" time="3.452"/>
  <testcase classname="com.cathay.test.tests.MortgageCalculatorTest" name="testErrorHandlingLoadTermNonInt" time="4.547"/>
  <testcase classname="com.cathay.test.tests.MortgageCalculatorTest" name="testErrorHandlingLocationSelectionAll" time="3.151"/>
  <testcase classname="com.cathay.test.tests.MortgageCalculatorTest" name="testErrorHandlingLocationSelectionOne" time="3.379"/>
  <testcase classname="com.cathay.test.tests.MortgageCalculatorTest" name="testLocationSelection" time="12.839"/>
  <testcase classname="com.cathay.test.tests.MortgageCalculatorTest" name="testMortgageAllFieldVisibility" time="2.232"/>
  <testcase classname="com.cathay.test.tests.MortgageCalculatorTest" name="testMortgageCalculation" time="3.96"/>
  <testcase classname="com.cathay.test.tests.MortgageCalculatorTest" name="testMortgageCalculationReset" time="4.53"/>
  <testcase classname="com.cathay.test.tests.MortgageCalculatorTest" name="testMortgageCalculationTwice" time="6.281"/>
</testsuite> <!-- Mortgage Calculator Tests -->
